*** Using Compiler 'V5.06 update 3 (build 300)', folder: 'D:\keil_v5\ARM\ARMCC\Bin'
Build target 'Target 1'
compiling usart.c...
compiling sys.c...
assembling startup_stm32f103xb.s...
compiling system_stm32f1xx.c...
compiling delay.c...
compiling stm32f1xx_it.c...
compiling main.c...
compiling stm32f1xx_hal_msp.c...
compiling stm32f1xx_hal.c...
compiling stm32f1xx_hal_pwr.c...
compiling stm32f1xx_hal_cortex.c...
compiling stm32f1xx_hal_rcc_ex.c...
compiling stm32f1xx_hal_gpio_ex.c...
compiling stm32f1xx_hal_gpio.c...
compiling stm32f1xx_hal_dma.c...
compiling stm32f1xx_hal_rcc.c...
compiling stm32f1xx_hal_tim_ex.c...
compiling stm32f1xx_hal_usart.c...
compiling stm32f1xx_hal_uart.c...
compiling led.c...
compiling timer.c...
compiling smg.c...
compiling stm32f1xx_hal_tim.c...
linking...
Program Size: Code=7060 RO-data=292 RW-data=44 ZI-data=1964  
FromELF: creating hex file...
"..\OBJ\SMG.axf" - 0 Error(s), 0 Warning(s).
Build Time Elapsed:  00:00:20
